<?xml version="1.0" encoding="UTF-8"?>
<!-- Generated by org.testng.reporters.JUnitReportReporter -->
<testsuite skipped="0" hostname="LTIN190924" name="testscript.TestScript" tests="1" failures="0" timestamp="18 Sep 2020 17:06:12 GMT" time="8.826" errors="0">
  <testcase name="test" time="8.826" classname="testscript.TestScript"/>
</testsuite> <!-- testscript.TestScript -->
